<?xml version='1.0' encoding='UTF-8'?>
<testsuite hostname="Sundoos-iMac.local" name="com.revature.scalawags.project3.stockmarket.CompositeIndexChangeCalculatorTest" tests="2" errors="0" failures="0" skipped="0" time="0.037" timestamp="2021-02-10T15:22:47">
                     <properties>
[...]
</properties>
                     <testcase classname="com.revature.scalawags.project3.stockmarket.CompositeIndexChangeCalculatorTest" name="Weekly Change should return 20.00" time="0.036">
                                                 
                                               </testcase><testcase classname="com.revature.scalawags.project3.stockmarket.CompositeIndexChangeCalculatorTest" name="Round At 2 Decimal Places should return 12.35" time="0.001">
                                                 
                                               </testcase>
                     <system-out><![CDATA[]]></system-out>
                     <system-err><![CDATA[]]></system-err>
                   </testsuite>